Disconnected.
Connecting...
start
Printer is now online.
echo:Marlin 1.1.9
echo: Last Updated: 2018-08-01 | Author: (none, default config)
echo:Compiled: Dec  8 2019
echo: Free Memory: 3206  PlannerBufferBytes: 1232
echo:V55 stored settings retrieved (655 bytes; crc 42236)
Unified Bed Leveling System v1.01 active.
Unified Bed Leveling initialized.
Mesh loaded from slot 0
Mesh 0 loaded from storage.
echo:  G21    ; (mm)
echo:  M149 C ; Units in Celsius
echo:Filament settings: Disabled
echo:  M200 D1.75
echo:  M200 D0
echo:Steps per unit:
echo:  M92 X80.00 Y80.00 Z4000.00 E100.47
echo:Maximum feedrates (units/s):
echo:  M203 X69.00 Y72.00 Z3.30 E25.00
echo:Maximum Acceleration (units/s2):
echo:  M201 X1100 Y1100 Z100 E10000
echo:Acceleration (units/s2): P<print_accel> R<retract_accel> T<travel_accel>
echo:  M204 P1500.00 R1000.00 T1500.00
echo:Advanced: Q<min_segment_time_us> S<min_feedrate> T<min_travel_feedrate> X<max_x_jerk> Y<max_y_jerk> Z<max_z_jerk> E<max_e_jerk>
echo:  M205 Q20000 S0.00 T0.00 X10.00 Y10.00 Z0.30 E5.00
echo:Home offset:
echo:  M206 X0.00 Y0.00 Z0.00
echo:Unified Bed Leveling:
echo:  M420 S1 Z10.00
Unified Bed Leveling System v1.01 active.
Active Mesh Slot: 0
EEPROM can hold 7 meshes.
echo:Material heatup parameters:
echo:  M145 S0 H180 B70 F0
echo:  M145 S1 H240 B84 F0
echo:PID settings:
echo:  M301 P22.20 I1.08 D114.00
echo:Z-Probe Offset (mm):
echo:  M851 Z-2.20
Setting bed temperature to 80.000000 degrees Celsius.
Setting hotend temperature to 245.000000 degrees Celsius.
Loading file: F:\_Technique\_Fabrication\_Model Library\Printable\Cable gland\PETG.V0_2.n0.5.s0.cable_gland.V3_0.gcode.ok
Traceback (most recent call last):
  File "printrun\pronterface.pyc", line 2041, in editbutton
AttributeError: 'Button' object has no attribute 'properties'
SENDING:M105 ; TEMP REPORT
ok T:245.00 /245.00 B:79.39 /80.00 @:89 B@:127
Print started at: 19:35:14
echo:busy: processing
echo:busy: processing
echo:busy: processing
echo:busy: processing
echo:busy: processing
Loaded F:\_Technique\_Fabrication\_Model Library\Printable\Cable gland\PETG.V0_2.n0.5.s0.cable_gland.V3_0.gcode.ok, 72491 lines
echo:busy: processing
2141.32mm of filament used in this print
The print goes:
- from 63.87 mm to 136.12 mm in X and is 72.24 mm wide
- from 82.86 mm to 117.14 mm in Y and is 34.29 mm deep
- from 0.00 mm to 22.89 mm in Z and is 22.89 mm high
Estimated duration: 231 layers, 0:45:47
echo:busy: processing
echo:busy: processing
echo:busy: processing
echo:busy: processing
echo:busy: processing
echo:busy: processing
echo:busy: processing
echo:busy: processing
echo:busy: processing
echo:busy: processing
echo:busy: processing
echo:busy: processing
echo:busy: processing
echo:busy: processing
echo:busy: processing
echo:busy: processing
echo:busy: processing
echo:busy: processing
echo:busy: processing
echo:busy: processing
echo:busy: processing
echo:busy: processing
echo:busy: processing
echo:busy: processing
echo:busy: processing
echo:busy: processing
echo:busy: processing
echo:busy: processing
echo:busy: processing
echo:busy: processing
echo:busy: processing
Traceback (most recent call last):
  File "printrun\pronterface.pyc", line 2041, in editbutton
AttributeError: 'Button' object has no attribute 'properties'
SENDING:M105 ; TEMP REPORT
echo:busy: processing
 T:245.00 /245.00 B:79.83 /84.00 @:88 B@:127 W:?
echo:busy: processing
SENDING:M105 ; TEMP REPORT
 T:245.00 /245.00 B:79.82 /84.00 @:88 B@:127 W:?
echo:busy: processing
echo:busy: processing
echo:busy: processing
echo:busy: processing
echo:busy: processing
echo:busy: processing
echo:busy: processing
echo:busy: processing
echo:busy: processing
echo:busy: processing
echo:busy: processing
echo:busy: processing
echo:busy: processing
echo:busy: processing
echo:busy: processing
echo:busy: processing
echo:busy: processing
echo:busy: processing
echo:busy: processing
echo:busy: processing
echo:busy: processing
echo:busy: processing
echo:busy: processing
echo:busy: processing
echo:busy: processing
echo:busy: processing
echo:busy: processing
echo:busy: processing
echo:busy: processing
echo:busy: processing
echo:busy: processing
echo:busy: processing
echo:busy: processing
echo:busy: processing
echo:busy: processing
echo:busy: processing
echo:busy: processing
echo:busy: processing
echo:busy: processing
echo:busy: processing
echo:busy: processing
echo:busy: processing
echo:busy: processing
echo:busy: processing
echo:busy: processing
echo:busy: processing
echo:busy: processing
echo:busy: processing
echo:busy: processing
echo:busy: processing
echo:busy: processing
echo:busy: processing
echo:busy: processing
echo:busy: processing
echo:busy: processing
echo:busy: processing
echo:busy: processing
echo:busy: processing
echo:busy: processing
echo:busy: processing
echo:busy: processing
echo:busy: processing
echo:busy: processing
echo:busy: processing
echo:busy: processing
echo:busy: processing
echo:busy: processing
echo:busy: processing
echo:busy: processing
echo:busy: processing
echo:busy: processing
echo:busy: processing
echo:busy: processing
echo:busy: processing
echo:busy: processing
echo:busy: processing
echo:busy: processing
echo:busy: processing
echo:busy: processing
echo:busy: processing
echo:busy: processing
echo:busy: processing
echo:busy: processing
echo:busy: processing
echo:busy: processing
echo:busy: processing
echo:busy: processing
echo:busy: processing
echo:busy: processing
echo:busy: processing
echo:busy: processing
echo:busy: processing
echo:busy: processing
echo:busy: processing
echo:busy: processing
echo:busy: processing
echo:busy: processing
echo:busy: processing
echo:busy: processing
echo:busy: processing
echo:busy: processing
echo:busy: processing
echo:busy: processing
echo:busy: processing
Traceback (most recent call last):
  File "printrun\pronterface.pyc", line 2041, in editbutton
AttributeError: 'Button' object has no attribute 'properties'
SENDING:M105 ; TEMP REPORT
echo:busy: processing
 T:245.00 /245.00 B:80.14 /84.00 @:89 B@:127 W:?
echo:busy: processing
echo:busy: processing
echo:busy: processing
echo:busy: processing
echo:busy: processing
echo:busy: processing
echo:busy: processing
echo:busy: processing
echo:busy: processing
echo:busy: processing
echo:busy: processing
echo:busy: processing
echo:busy: processing
echo:busy: processing
echo:busy: processing
echo:busy: processing
echo:busy: processing
echo:busy: processing
echo:busy: processing
echo:busy: processing
echo:busy: processing
echo:busy: processing
echo:busy: processing
echo:busy: processing
echo:busy: processing
echo:busy: processing
echo:busy: processing
echo:busy: processing
echo:busy: processing
echo:busy: processing
echo:busy: processing
echo:busy: processing
echo:busy: processing
echo:busy: processing
echo:busy: processing
echo:busy: processing
echo:busy: processing
echo:busy: processing
echo:busy: processing
echo:busy: processing
echo:busy: processing
echo:busy: processing
echo:busy: processing
echo:busy: processing
Traceback (most recent call last):
  File "printrun\pronterface.pyc", line 2041, in editbutton
AttributeError: 'Button' object has no attribute 'properties'
Traceback (most recent call last):
  File "printrun\pronterface.pyc", line 2041, in editbutton
AttributeError: 'Button' object has no attribute 'properties'
SENDING:M105 ; TEMP REPORT
 T:245.00 /245.00 B:80.14 /84.00 @:89 B@:127 W:?
echo:busy: processing
echo:busy: processing
echo:busy: processing
echo:busy: processing
SENDING:M105 ; TEMP REPORT
echo:busy: processing
 T:245.00 /245.00 B:80.29 /84.00 @:89 B@:127 W:?
echo:busy: processing
SENDING:M105 ; TEMP REPORT
echo:busy: processing
 T:245.00 /245.00 B:80.37 /84.00 @:89 B@:127 W:?
echo:busy: processing
Traceback (most recent call last):
  File "printrun\pronterface.pyc", line 2041, in editbutton
AttributeError: 'Button' object has no attribute 'properties'
SENDING:M114 ; GET POSITION
echo:busy: processing
echo:busy: processing
SENDING:M105 ; TEMP REPORT
echo:busy: processing
 T:245.00 /245.00 B:80.57 /84.00 @:89 B@:127 W:?
echo:busy: processing
echo:busy: processing
echo:busy: processing
echo:busy: processing
echo:busy: processing
echo:busy: processing
echo:busy: processing
echo:busy: processing
echo:busy: processing
echo:busy: processing
echo:busy: processing
echo:busy: processing
echo:busy: processing
echo:busy: processing
echo:busy: processing
echo:busy: processing
echo:busy: processing
echo:busy: processing
echo:busy: processing
echo:busy: processing
echo:busy: processing
echo:busy: processing
echo:busy: processing
echo:busy: processing
echo:busy: processing
echo:busy: processing
echo:busy: processing
echo:busy: processing
echo:busy: processing
echo:busy: processing
echo:busy: processing
echo:busy: processing
echo:busy: processing
echo:busy: processing
echo:busy: processing
echo:busy: processing
echo:busy: processing
echo:busy: processing
echo:busy: processing
echo:busy: processing
echo:busy: processing
echo:busy: processing
echo:busy: processing
echo:busy: processing
echo:busy: processing
echo:busy: processing
echo:busy: processing
X:0.00 Y:0.00 Z:0.00 E:0.00 Count X:0 Y:0 Z:-4396
Unified Bed Leveling System v1.01 active.
echo:busy: processing
echo:busy: processing
echo:busy: processing
echo:busy: processing
echo:busy: processing
echo:busy: processing
echo:busy: processing
echo:busy: processing
echo:busy: processing
echo:busy: processing
echo:busy: processing
echo:busy: processing
echo:busy: processing
echo:busy: processing
echo:busy: processing
echo:busy: processing
SENDING:M105 ; TEMP REPORT
 T:216.51 /245.00 B:78.59 /0.00 @:127 B@:0 W:?
echo:busy: processing
SENDING:M105 ; TEMP REPORT
 T:216.67 /245.00 B:78.36 /0.00 @:127 B@:0 W:?
SENDING:M105 ; TEMP REPORT
echo:busy: processing
 T:216.67 /245.00 B:78.23 /0.00 @:127 B@:0 W:?
SENDING:M105 ; TEMP REPORT
echo:busy: processing
 T:217.45 /245.00 B:78.02 /0.00 @:127 B@:0 W:?
echo:busy: processing
echo:busy: processing
echo:busy: processing
echo:busy: processing
Error:Heating failed, system stopped! Heater_ID: 0
[ERROR] Error:Heating failed, system stopped! Heater_ID: 0

Error:Printer halted. kill() called!
[ERROR] Error:Printer halted. kill() called!

[ERROR] Can't read from printer (disconnected?) (SerialException): call to ClearCommError failed